INFO NioProcessor-2 org.apache.mina.filter.logging.LoggingFilter - RECEIVED: datatypes.protocolmessages.GetReportResponse@4f071b35
INFO NioProcessor-2 org.apache.mina.filter.logging.LoggingFilter - RECEIVED: datatypes.protocolmessages.CheckVaccinatedCVResponse@44945f9a
INFO NioProcessor-2 org.apache.mina.filter.logging.LoggingFilter - CREATED
INFO NioProcessor-2 org.apache.mina.filter.logging.LoggingFilter - OPENED
INFO NioProcessor-2 org.apache.mina.filter.logging.LoggingFilter - SENT: datatypes.protocolmessages.GetAllCVRequest@446eb856
INFO NioProcessor-2 org.apache.mina.filter.logging.LoggingFilter - RECEIVED: datatypes.protocolmessages.GetCVResponse@749072b
INFO NioProcessor-2 org.apache.mina.filter.logging.LoggingFilter - SENT: datatypes.protocolmessages.CheckVaccinatedCVRequest@74302f72
INFO NioProcessor-2 org.apache.mina.filter.logging.LoggingFilter - RECEIVED: datatypes.protocolmessages.CheckVaccinatedCVResponse@37e460c6
INFO NioProcessor-2 org.apache.mina.filter.logging.LoggingFilter - SENT: datatypes.protocolmessages.GetReportRequest@3fc9ef2a
INFO NioProcessor-2 org.apache.mina.filter.logging.LoggingFilter - RECEIVED: datatypes.protocolmessages.GetReportResponse@7f12dc14
INFO NioProcessor-2 org.apache.mina.filter.logging.LoggingFilter - CREATED
INFO NioProcessor-2 org.apache.mina.filter.logging.LoggingFilter - OPENED
INFO NioProcessor-2 org.apache.mina.filter.logging.LoggingFilter - SENT: datatypes.protocolmessages.GetAllCVRequest@5db27731
INFO NioProcessor-2 org.apache.mina.filter.logging.LoggingFilter - RECEIVED: datatypes.protocolmessages.GetCVResponse@753b180a
INFO NioProcessor-2 org.apache.mina.filter.logging.LoggingFilter - SENT: datatypes.protocolmessages.CheckVaccinatedCVRequest@3076e2d7
INFO NioProcessor-2 org.apache.mina.filter.logging.LoggingFilter - RECEIVED: datatypes.protocolmessages.CheckVaccinatedCVResponse@3b437860
INFO NioProcessor-2 org.apache.mina.filter.logging.LoggingFilter - SENT: datatypes.protocolmessages.GetReportRequest@65a5eeae
INFO NioProcessor-2 org.apache.mina.filter.logging.LoggingFilter - RECEIVED: datatypes.protocolmessages.GetReportResponse@73ffa698
INFO NioProcessor-2 org.apache.mina.filter.logging.LoggingFilter - CREATED
INFO NioProcessor-2 org.apache.mina.filter.logging.LoggingFilter - OPENED
INFO NioProcessor-2 org.apache.mina.filter.logging.LoggingFilter - SENT: datatypes.protocolmessages.GetAllCVRequest@6f709368
INFO NioProcessor-2 org.apache.mina.filter.logging.LoggingFilter - RECEIVED: datatypes.protocolmessages.GetCVResponse@cd85c9b
INFO NioProcessor-2 org.apache.mina.filter.logging.LoggingFilter - SENT: datatypes.protocolmessages.CheckVaccinatedCVRequest@17d48487
INFO NioProcessor-2 org.apache.mina.filter.logging.LoggingFilter - SENT: datatypes.protocolmessages.GetReportRequest@10def0de
INFO NioProcessor-2 org.apache.mina.filter.logging.LoggingFilter - RECEIVED: datatypes.protocolmessages.CheckVaccinatedCVResponse@41666bd5
INFO NioProcessor-2 org.apache.mina.filter.logging.LoggingFilter - RECEIVED: datatypes.protocolmessages.GetReportResponse@384090bc
INFO NioProcessor-2 org.apache.mina.filter.logging.LoggingFilter - CREATED
INFO NioProcessor-2 org.apache.mina.filter.logging.LoggingFilter - OPENED
INFO NioProcessor-2 org.apache.mina.filter.logging.LoggingFilter - SENT: datatypes.protocolmessages.GetAllCVRequest@70e2ae45
INFO NioProcessor-2 org.apache.mina.filter.logging.LoggingFilter - RECEIVED: datatypes.protocolmessages.GetCVResponse@7c5d0b64
INFO NioProcessor-2 org.apache.mina.filter.logging.LoggingFilter - SENT: datatypes.protocolmessages.CheckVaccinatedCVRequest@300fc280
INFO NioProcessor-2 org.apache.mina.filter.logging.LoggingFilter - RECEIVED: datatypes.protocolmessages.CheckVaccinatedCVResponse@7994669c
INFO NioProcessor-2 org.apache.mina.filter.logging.LoggingFilter - SENT: datatypes.protocolmessages.GetReportRequest@8524584
INFO NioProcessor-2 org.apache.mina.filter.logging.LoggingFilter - RECEIVED: datatypes.protocolmessages.GetReportResponse@7e506a80
INFO NioProcessor-2 org.apache.mina.filter.logging.LoggingFilter - CREATED
INFO NioProcessor-2 org.apache.mina.filter.logging.LoggingFilter - OPENED
INFO NioProcessor-2 org.apache.mina.filter.logging.LoggingFilter - SENT: datatypes.protocolmessages.GetAllCVRequest@3c7860ad
INFO NioProcessor-2 org.apache.mina.filter.logging.LoggingFilter - RECEIVED: datatypes.protocolmessages.GetCVResponse@1befe162
INFO NioProcessor-2 org.apache.mina.filter.logging.LoggingFilter - SENT: datatypes.protocolmessages.CheckVaccinatedCVRequest@410ebf41
INFO NioProcessor-2 org.apache.mina.filter.logging.LoggingFilter - RECEIVED: datatypes.protocolmessages.CheckVaccinatedCVResponse@1c680b1b
INFO NioProcessor-2 org.apache.mina.filter.logging.LoggingFilter - SENT: datatypes.protocolmessages.GetReportRequest@27ae1abb
INFO NioProcessor-2 org.apache.mina.filter.logging.LoggingFilter - RECEIVED: datatypes.protocolmessages.GetReportResponse@45045bae
INFO NioProcessor-2 org.apache.mina.filter.logging.LoggingFilter - CREATED
INFO NioProcessor-2 org.apache.mina.filter.logging.LoggingFilter - OPENED
INFO NioProcessor-2 org.apache.mina.filter.logging.LoggingFilter - SENT: datatypes.protocolmessages.GetAllCVRequest@7ec9f387
INFO NioProcessor-2 org.apache.mina.filter.logging.LoggingFilter - RECEIVED: datatypes.protocolmessages.GetCVResponse@59db4c5f
INFO NioProcessor-2 org.apache.mina.filter.logging.LoggingFilter - SENT: datatypes.protocolmessages.CheckVaccinatedCVRequest@6b78f4d1
INFO NioProcessor-2 org.apache.mina.filter.logging.LoggingFilter - SENT: datatypes.protocolmessages.GetReportRequest@77168de5
INFO NioProcessor-2 org.apache.mina.filter.logging.LoggingFilter - RECEIVED: datatypes.protocolmessages.CheckVaccinatedCVResponse@3a4a7d53
INFO NioProcessor-2 org.apache.mina.filter.logging.LoggingFilter - RECEIVED: datatypes.protocolmessages.GetReportResponse@10c6826
INFO NioProcessor-2 org.apache.mina.filter.logging.LoggingFilter - CREATED
INFO NioProcessor-2 org.apache.mina.filter.logging.LoggingFilter - OPENED
INFO NioProcessor-2 org.apache.mina.filter.logging.LoggingFilter - SENT: datatypes.protocolmessages.GetAllCVRequest@1099cef2
INFO NioProcessor-2 org.apache.mina.filter.logging.LoggingFilter - RECEIVED: datatypes.protocolmessages.GetCVResponse@1c07d5fb
INFO NioProcessor-2 org.apache.mina.filter.logging.LoggingFilter - SENT: datatypes.protocolmessages.CheckVaccinatedCVRequest@5b190a91
INFO NioProcessor-2 org.apache.mina.filter.logging.LoggingFilter - SENT: datatypes.protocolmessages.GetReportRequest@58e637bd
INFO NioProcessor-2 org.apache.mina.filter.logging.LoggingFilter - RECEIVED: datatypes.protocolmessages.CheckVaccinatedCVResponse@4d90125e
INFO NioProcessor-2 org.apache.mina.filter.logging.LoggingFilter - RECEIVED: datatypes.protocolmessages.GetReportResponse@715a6762
INFO NioProcessor-2 org.apache.mina.filter.logging.LoggingFilter - CREATED
INFO NioProcessor-2 org.apache.mina.filter.logging.LoggingFilter - OPENED
INFO NioProcessor-2 org.apache.mina.filter.logging.LoggingFilter - SENT: datatypes.protocolmessages.GetAllCVRequest@70e12938
INFO NioProcessor-2 org.apache.mina.filter.logging.LoggingFilter - RECEIVED: datatypes.protocolmessages.GetCVResponse@2adcdda4
INFO NioProcessor-2 org.apache.mina.filter.logging.LoggingFilter - SENT: datatypes.protocolmessages.CheckVaccinatedCVRequest@76f4a8f
INFO NioProcessor-2 org.apache.mina.filter.logging.LoggingFilter - SENT: datatypes.protocolmessages.GetReportRequest@142c2b23
INFO NioProcessor-2 org.apache.mina.filter.logging.LoggingFilter - RECEIVED: datatypes.protocolmessages.CheckVaccinatedCVResponse@4b9c7c48
INFO NioProcessor-2 org.apache.mina.filter.logging.LoggingFilter - RECEIVED: datatypes.protocolmessages.GetReportResponse@37728e30
INFO NioProcessor-2 org.apache.mina.filter.logging.LoggingFilter - CREATED
INFO NioProcessor-2 org.apache.mina.filter.logging.LoggingFilter - OPENED
INFO NioProcessor-2 org.apache.mina.filter.logging.LoggingFilter - SENT: datatypes.protocolmessages.GetAllCVRequest@41259960
INFO NioProcessor-2 org.apache.mina.filter.logging.LoggingFilter - RECEIVED: datatypes.protocolmessages.GetCVResponse@7e90278b
INFO NioProcessor-2 org.apache.mina.filter.logging.LoggingFilter - SENT: datatypes.protocolmessages.CheckVaccinatedCVRequest@7c5fd198
INFO NioProcessor-2 org.apache.mina.filter.logging.LoggingFilter - SENT: datatypes.protocolmessages.GetReportRequest@d082d22
INFO NioProcessor-2 org.apache.mina.filter.logging.LoggingFilter - RECEIVED: datatypes.protocolmessages.CheckVaccinatedCVResponse@1c75bb8a
INFO NioProcessor-2 org.apache.mina.filter.logging.LoggingFilter - RECEIVED: datatypes.protocolmessages.GetReportResponse@7133ce36
INFO NioProcessor-2 org.apache.mina.filter.logging.LoggingFilter - CREATED
INFO NioProcessor-2 org.apache.mina.filter.logging.LoggingFilter - OPENED
INFO NioProcessor-2 org.apache.mina.filter.logging.LoggingFilter - SENT: datatypes.protocolmessages.GetAllCVRequest@62691c8b
INFO NioProcessor-2 org.apache.mina.filter.logging.LoggingFilter - RECEIVED: datatypes.protocolmessages.GetCVResponse@3a2f05dc
INFO NioProcessor-2 org.apache.mina.filter.logging.LoggingFilter - SENT: datatypes.protocolmessages.CheckVaccinatedCVRequest@973b22c
INFO NioProcessor-2 org.apache.mina.filter.logging.LoggingFilter - RECEIVED: datatypes.protocolmessages.CheckVaccinatedCVResponse@7b5a391f
INFO NioProcessor-2 org.apache.mina.filter.logging.LoggingFilter - SENT: datatypes.protocolmessages.GetReportRequest@408f2c9f
INFO NioProcessor-2 org.apache.mina.filter.logging.LoggingFilter - RECEIVED: datatypes.protocolmessages.GetReportResponse@464ccfbd
INFO NioProcessor-2 org.apache.mina.filter.logging.LoggingFilter - CREATED
INFO NioProcessor-2 org.apache.mina.filter.logging.LoggingFilter - OPENED
INFO NioProcessor-2 org.apache.mina.filter.logging.LoggingFilter - SENT: datatypes.protocolmessages.GetAllCVRequest@78af27f9
INFO NioProcessor-2 org.apache.mina.filter.logging.LoggingFilter - RECEIVED: datatypes.protocolmessages.GetCVResponse@498b061f
INFO NioProcessor-2 org.apache.mina.filter.logging.LoggingFilter - SENT: datatypes.protocolmessages.CheckVaccinatedCVRequest@b3736a1
INFO NioProcessor-2 org.apache.mina.filter.logging.LoggingFilter - RECEIVED: datatypes.protocolmessages.CheckVaccinatedCVResponse@3480de2d
INFO NioProcessor-2 org.apache.mina.filter.logging.LoggingFilter - SENT: datatypes.protocolmessages.GetReportRequest@126f6e14
INFO NioProcessor-2 org.apache.mina.filter.logging.LoggingFilter - RECEIVED: datatypes.protocolmessages.GetReportResponse@1ee3b394
INFO NioProcessor-2 org.apache.mina.filter.logging.LoggingFilter - CREATED
INFO NioProcessor-2 org.apache.mina.filter.logging.LoggingFilter - OPENED
INFO NioProcessor-2 org.apache.mina.filter.logging.LoggingFilter - SENT: datatypes.protocolmessages.GetAllCVRequest@4d6b7418
INFO NioProcessor-2 org.apache.mina.filter.logging.LoggingFilter - RECEIVED: datatypes.protocolmessages.GetCVResponse@4ba37782
INFO NioProcessor-2 org.apache.mina.filter.logging.LoggingFilter - SENT: datatypes.protocolmessages.CheckVaccinatedCVRequest@1933d96a
INFO NioProcessor-2 org.apache.mina.filter.logging.LoggingFilter - SENT: datatypes.protocolmessages.GetReportRequest@7708cd00
INFO NioProcessor-2 org.apache.mina.filter.logging.LoggingFilter - RECEIVED: datatypes.protocolmessages.CheckVaccinatedCVResponse@6a2fcc5a
INFO NioProcessor-2 org.apache.mina.filter.logging.LoggingFilter - RECEIVED: datatypes.protocolmessages.GetReportResponse@47e27a19
INFO NioProcessor-2 org.apache.mina.filter.logging.LoggingFilter - CREATED
INFO NioProcessor-2 org.apache.mina.filter.logging.LoggingFilter - OPENED
INFO NioProcessor-2 org.apache.mina.filter.logging.LoggingFilter - SENT: datatypes.protocolmessages.GetAllCVRequest@6f069e1c
INFO NioProcessor-2 org.apache.mina.filter.logging.LoggingFilter - RECEIVED: datatypes.protocolmessages.GetCVResponse@7b8411f1
INFO NioProcessor-2 org.apache.mina.filter.logging.LoggingFilter - SENT: datatypes.protocolmessages.CheckVaccinatedCVRequest@7dd6321e
INFO NioProcessor-2 org.apache.mina.filter.logging.LoggingFilter - RECEIVED: datatypes.protocolmessages.CheckVaccinatedCVResponse@76876063
INFO NioProcessor-2 org.apache.mina.filter.logging.LoggingFilter - SENT: datatypes.protocolmessages.GetReportRequest@62424a7f
INFO NioProcessor-2 org.apache.mina.filter.logging.LoggingFilter - RECEIVED: datatypes.protocolmessages.GetReportResponse@33981907
INFO NioProcessor-2 org.apache.mina.filter.logging.LoggingFilter - CREATED
INFO NioProcessor-2 org.apache.mina.filter.logging.LoggingFilter - OPENED
INFO NioProcessor-2 org.apache.mina.filter.logging.LoggingFilter - SENT: datatypes.protocolmessages.GetAllCVRequest@6ac9807b
INFO NioProcessor-2 org.apache.mina.filter.logging.LoggingFilter - RECEIVED: datatypes.protocolmessages.GetCVResponse@2495ef90
INFO NioProcessor-2 org.apache.mina.filter.logging.LoggingFilter - SENT: datatypes.protocolmessages.CheckVaccinatedCVRequest@5ef9c58a
INFO NioProcessor-2 org.apache.mina.filter.logging.LoggingFilter - RECEIVED: datatypes.protocolmessages.CheckVaccinatedCVResponse@ae52da8
INFO NioProcessor-2 org.apache.mina.filter.logging.LoggingFilter - SENT: datatypes.protocolmessages.GetReportRequest@6a24c552
INFO NioProcessor-2 org.apache.mina.filter.logging.LoggingFilter - RECEIVED: datatypes.protocolmessages.GetReportResponse@1ee39814
INFO NioProcessor-2 org.apache.mina.filter.logging.LoggingFilter - SENT: datatypes.protocolmessages.GetAllCVRequest@2702a664
INFO NioProcessor-2 org.apache.mina.filter.logging.LoggingFilter - RECEIVED: datatypes.protocolmessages.GetCVResponse@63121a38
INFO NioProcessor-2 org.apache.mina.filter.logging.LoggingFilter - SENT: datatypes.protocolmessages.CheckVaccinatedCVRequest@4b410278
INFO NioProcessor-2 org.apache.mina.filter.logging.LoggingFilter - SENT: datatypes.protocolmessages.GetReportRequest@538e2417
INFO NioProcessor-2 org.apache.mina.filter.logging.LoggingFilter - RECEIVED: datatypes.protocolmessages.CheckVaccinatedCVResponse@17d380af
INFO NioProcessor-2 org.apache.mina.filter.logging.LoggingFilter - RECEIVED: datatypes.protocolmessages.GetReportResponse@cd8f691
INFO NioProcessor-2 org.apache.mina.filter.logging.LoggingFilter - SENT: datatypes.protocolmessages.GetAllCVRequest@1abee092
INFO NioProcessor-2 org.apache.mina.filter.logging.LoggingFilter - RECEIVED: datatypes.protocolmessages.GetCVResponse@17341d00
INFO NioProcessor-2 org.apache.mina.filter.logging.LoggingFilter - RECEIVED: datatypes.protocolmessages.CheckVaccinatedCVResponse@52cca504
INFO NioProcessor-2 org.apache.mina.filter.logging.LoggingFilter - SENT: datatypes.protocolmessages.CheckVaccinatedCVRequest@38efd2ba
INFO NioProcessor-2 org.apache.mina.filter.logging.LoggingFilter - SENT: datatypes.protocolmessages.GetReportRequest@26ac57fd
INFO NioProcessor-2 org.apache.mina.filter.logging.LoggingFilter - RECEIVED: datatypes.protocolmessages.GetReportResponse@4fdbbd80
INFO NioProcessor-2 org.apache.mina.filter.logging.LoggingFilter - CREATED
INFO NioProcessor-2 org.apache.mina.filter.logging.LoggingFilter - OPENED
INFO NioProcessor-2 org.apache.mina.filter.logging.LoggingFilter - SENT: datatypes.protocolmessages.GetAllCVRequest@428c04e2
INFO NioProcessor-2 org.apache.mina.filter.logging.LoggingFilter - RECEIVED: datatypes.protocolmessages.GetCVResponse@22ac274f
INFO NioProcessor-2 org.apache.mina.filter.logging.LoggingFilter - SENT: datatypes.protocolmessages.GetReportRequest@5edc48f2
INFO NioProcessor-2 org.apache.mina.filter.logging.LoggingFilter - SENT: datatypes.protocolmessages.CheckVaccinatedCVRequest@6fe5a690
INFO NioProcessor-2 org.apache.mina.filter.logging.LoggingFilter - RECEIVED: datatypes.protocolmessages.GetReportResponse@1158cc89
INFO NioProcessor-2 org.apache.mina.filter.logging.LoggingFilter - RECEIVED: datatypes.protocolmessages.CheckVaccinatedCVResponse@e10f163
INFO NioProcessor-2 org.apache.mina.filter.logging.LoggingFilter - CREATED
INFO NioProcessor-2 org.apache.mina.filter.logging.LoggingFilter - OPENED
INFO NioProcessor-2 org.apache.mina.filter.logging.LoggingFilter - SENT: datatypes.protocolmessages.GetAllCVRequest@41259960
INFO NioProcessor-2 org.apache.mina.filter.logging.LoggingFilter - RECEIVED: datatypes.protocolmessages.GetCVResponse@1aa47869
INFO NioProcessor-2 org.apache.mina.filter.logging.LoggingFilter - SENT: datatypes.protocolmessages.GetReportRequest@1e2fef3d
INFO NioProcessor-2 org.apache.mina.filter.logging.LoggingFilter - SENT: datatypes.protocolmessages.CheckVaccinatedCVRequest@f8e5f29
INFO NioProcessor-2 org.apache.mina.filter.logging.LoggingFilter - RECEIVED: datatypes.protocolmessages.GetReportResponse@4b5918a8
INFO NioProcessor-2 org.apache.mina.filter.logging.LoggingFilter - RECEIVED: datatypes.protocolmessages.CheckVaccinatedCVResponse@601afcc9
INFO NioProcessor-2 org.apache.mina.filter.logging.LoggingFilter - CREATED
INFO NioProcessor-2 org.apache.mina.filter.logging.LoggingFilter - OPENED
INFO NioProcessor-2 org.apache.mina.filter.logging.LoggingFilter - SENT: datatypes.protocolmessages.GetAllCVRequest@2bfe6dc8
INFO NioProcessor-2 org.apache.mina.filter.logging.LoggingFilter - RECEIVED: datatypes.protocolmessages.GetCVResponse@6ad71b08
INFO NioProcessor-2 org.apache.mina.filter.logging.LoggingFilter - SENT: datatypes.protocolmessages.GetReportRequest@53f18e88
INFO NioProcessor-2 org.apache.mina.filter.logging.LoggingFilter - SENT: datatypes.protocolmessages.CheckVaccinatedCVRequest@7b47856d
INFO NioProcessor-2 org.apache.mina.filter.logging.LoggingFilter - RECEIVED: datatypes.protocolmessages.GetReportResponse@508455d0
INFO NioProcessor-2 org.apache.mina.filter.logging.LoggingFilter - RECEIVED: datatypes.protocolmessages.CheckVaccinatedCVResponse@39dd3174
INFO NioProcessor-2 org.apache.mina.filter.logging.LoggingFilter - CREATED
INFO NioProcessor-2 org.apache.mina.filter.logging.LoggingFilter - OPENED
INFO NioProcessor-2 org.apache.mina.filter.logging.LoggingFilter - SENT: datatypes.protocolmessages.GetVaccinationByKeyRequest@40ff7f17
INFO NioProcessor-2 org.apache.mina.filter.logging.LoggingFilter - RECEIVED: datatypes.protocolmessages.GetVaccinationByKeyResponse@2d928a26
INFO NioProcessor-2 org.apache.mina.filter.logging.LoggingFilter - SENT: datatypes.protocolmessages.CheckUserIdRequest@3400183d
INFO NioProcessor-2 org.apache.mina.filter.logging.LoggingFilter - RECEIVED: datatypes.protocolmessages.CheckUserIdResponse@2c17627d
INFO NioProcessor-2 org.apache.mina.filter.logging.LoggingFilter - SENT: datatypes.protocolmessages.CheckEmailRequest@4fafd25
INFO NioProcessor-2 org.apache.mina.filter.logging.LoggingFilter - RECEIVED: datatypes.protocolmessages.CheckEmailResponse@6a03e513
INFO NioProcessor-2 org.apache.mina.filter.logging.LoggingFilter - SENT: datatypes.protocolmessages.UserRegistrationRequest@29ca6295
INFO NioProcessor-2 org.apache.mina.filter.logging.LoggingFilter - RECEIVED: datatypes.protocolmessages.UserRegistrationResponse@4aa76322
INFO NioProcessor-2 org.apache.mina.filter.logging.LoggingFilter - SENT: datatypes.protocolmessages.UserLoginRequest@720ba367
INFO NioProcessor-2 org.apache.mina.filter.logging.LoggingFilter - RECEIVED: datatypes.protocolmessages.UserLoginResponse@7a117df9
INFO NioProcessor-2 org.apache.mina.filter.logging.LoggingFilter - SENT: datatypes.protocolmessages.UserDisconnectRequest@550172db
INFO NioProcessor-2 org.apache.mina.filter.logging.LoggingFilter - RECEIVED: datatypes.protocolmessages.UserDisconnectResponse@3771e548
INFO NioProcessor-2 org.apache.mina.filter.logging.LoggingFilter - SENT: datatypes.protocolmessages.UserLoginRequest@251be41e
INFO NioProcessor-2 org.apache.mina.filter.logging.LoggingFilter - RECEIVED: datatypes.protocolmessages.UserLoginResponse@565ad82b
INFO NioProcessor-2 org.apache.mina.filter.logging.LoggingFilter - SENT: datatypes.protocolmessages.UserDisconnectRequest@6b4fcc1
INFO NioProcessor-2 org.apache.mina.filter.logging.LoggingFilter - RECEIVED: datatypes.protocolmessages.UserDisconnectResponse@76b5eb13
INFO NioProcessor-2 org.apache.mina.filter.logging.LoggingFilter - SENT: datatypes.protocolmessages.UserLoginRequest@4cdebf01
INFO NioProcessor-2 org.apache.mina.filter.logging.LoggingFilter - RECEIVED: datatypes.protocolmessages.UserLoginResponse@6d27bff4
INFO NioProcessor-2 org.apache.mina.filter.logging.LoggingFilter - SENT: datatypes.protocolmessages.UserLoginRequest@38441604
INFO NioProcessor-2 org.apache.mina.filter.logging.LoggingFilter - RECEIVED: datatypes.protocolmessages.UserLoginResponse@4b7999
INFO NioProcessor-2 org.apache.mina.filter.logging.LoggingFilter - SENT: datatypes.protocolmessages.GetVaccinationByKeyRequest@6a425f0f
INFO NioProcessor-2 org.apache.mina.filter.logging.LoggingFilter - RECEIVED: datatypes.protocolmessages.GetVaccinationByKeyResponse@59fff7f0
INFO NioProcessor-2 org.apache.mina.filter.logging.LoggingFilter - SENT: datatypes.protocolmessages.CheckUserIdRequest@6e1df4ac
INFO NioProcessor-2 org.apache.mina.filter.logging.LoggingFilter - RECEIVED: datatypes.protocolmessages.CheckUserIdResponse@111f44a3
INFO NioProcessor-2 org.apache.mina.filter.logging.LoggingFilter - SENT: datatypes.protocolmessages.UserRegistrationRequest@6c70f1e4
INFO NioProcessor-2 org.apache.mina.filter.logging.LoggingFilter - RECEIVED: datatypes.protocolmessages.UserRegistrationResponse@4bfc76d2
INFO NioProcessor-2 org.apache.mina.filter.logging.LoggingFilter - SENT: datatypes.protocolmessages.CheckUserIdRequest@697297d5
INFO NioProcessor-2 org.apache.mina.filter.logging.LoggingFilter - RECEIVED: datatypes.protocolmessages.CheckUserIdResponse@60e385e2
INFO NioProcessor-2 org.apache.mina.filter.logging.LoggingFilter - SENT: datatypes.protocolmessages.UserRegistrationRequest@6d41c990
INFO NioProcessor-2 org.apache.mina.filter.logging.LoggingFilter - RECEIVED: datatypes.protocolmessages.UserRegistrationResponse@26a43574
INFO NioProcessor-2 org.apache.mina.filter.logging.LoggingFilter - SENT: datatypes.protocolmessages.CheckUserIdRequest@706d0119
INFO NioProcessor-2 org.apache.mina.filter.logging.LoggingFilter - RECEIVED: datatypes.protocolmessages.CheckUserIdResponse@5db57883
INFO NioProcessor-2 org.apache.mina.filter.logging.LoggingFilter - SENT: datatypes.protocolmessages.CheckEmailRequest@1a8cdb3b
INFO NioProcessor-2 org.apache.mina.filter.logging.LoggingFilter - RECEIVED: datatypes.protocolmessages.CheckEmailResponse@5e1cbd00
INFO NioProcessor-2 org.apache.mina.filter.logging.LoggingFilter - SENT: datatypes.protocolmessages.UserRegistrationRequest@289ba720
INFO NioProcessor-2 org.apache.mina.filter.logging.LoggingFilter - RECEIVED: datatypes.protocolmessages.UserRegistrationResponse@2e968e2c
INFO NioProcessor-2 org.apache.mina.filter.logging.LoggingFilter - SENT: datatypes.protocolmessages.UserLoginRequest@4a68e6dd
INFO NioProcessor-2 org.apache.mina.filter.logging.LoggingFilter - RECEIVED: datatypes.protocolmessages.UserLoginResponse@7c3499fa
INFO NioProcessor-2 org.apache.mina.filter.logging.LoggingFilter - SENT: datatypes.protocolmessages.GetAllCVRequest@2bf9a2f1
INFO NioProcessor-2 org.apache.mina.filter.logging.LoggingFilter - RECEIVED: datatypes.protocolmessages.GetCVResponse@3e39c1bc
INFO NioProcessor-2 org.apache.mina.filter.logging.LoggingFilter - SENT: datatypes.protocolmessages.GetReportRequest@6f1c9e51
INFO NioProcessor-2 org.apache.mina.filter.logging.LoggingFilter - SENT: datatypes.protocolmessages.CheckVaccinatedCVRequest@86debcc
INFO NioProcessor-2 org.apache.mina.filter.logging.LoggingFilter - RECEIVED: datatypes.protocolmessages.GetReportResponse@778141b8
INFO NioProcessor-2 org.apache.mina.filter.logging.LoggingFilter - RECEIVED: datatypes.protocolmessages.CheckVaccinatedCVResponse@224bd96f
INFO NioProcessor-2 org.apache.mina.filter.logging.LoggingFilter - SENT: datatypes.protocolmessages.GetAllCVRequest@56fc95eb
INFO NioProcessor-2 org.apache.mina.filter.logging.LoggingFilter - RECEIVED: datatypes.protocolmessages.GetCVResponse@3bcf2247
INFO NioProcessor-2 org.apache.mina.filter.logging.LoggingFilter - SENT: datatypes.protocolmessages.GetReportRequest@19df642f
INFO NioProcessor-2 org.apache.mina.filter.logging.LoggingFilter - SENT: datatypes.protocolmessages.CheckVaccinatedCVRequest@50f682f6
INFO NioProcessor-2 org.apache.mina.filter.logging.LoggingFilter - RECEIVED: datatypes.protocolmessages.GetReportResponse@5f05c574
INFO NioProcessor-2 org.apache.mina.filter.logging.LoggingFilter - RECEIVED: datatypes.protocolmessages.CheckVaccinatedCVResponse@4e352e13
INFO NioProcessor-2 org.apache.mina.filter.logging.LoggingFilter - SENT: datatypes.protocolmessages.GetAllCVRequest@5bf2b22c
INFO NioProcessor-2 org.apache.mina.filter.logging.LoggingFilter - RECEIVED: datatypes.protocolmessages.GetCVResponse@3249161b
INFO NioProcessor-2 org.apache.mina.filter.logging.LoggingFilter - SENT: datatypes.protocolmessages.GetReportRequest@3df7d773
INFO NioProcessor-2 org.apache.mina.filter.logging.LoggingFilter - SENT: datatypes.protocolmessages.CheckVaccinatedCVRequest@42489a12
INFO NioProcessor-2 org.apache.mina.filter.logging.LoggingFilter - RECEIVED: datatypes.protocolmessages.GetReportResponse@70d6d70f
INFO NioProcessor-2 org.apache.mina.filter.logging.LoggingFilter - RECEIVED: datatypes.protocolmessages.CheckVaccinatedCVResponse@1899204
INFO NioProcessor-2 org.apache.mina.filter.logging.LoggingFilter - SENT: datatypes.protocolmessages.GetAllCVRequest@273f070d
INFO NioProcessor-2 org.apache.mina.filter.logging.LoggingFilter - RECEIVED: datatypes.protocolmessages.GetCVResponse@66ab6190
INFO NioProcessor-2 org.apache.mina.filter.logging.LoggingFilter - RECEIVED: datatypes.protocolmessages.GetReportResponse@1c285a90
INFO NioProcessor-2 org.apache.mina.filter.logging.LoggingFilter - SENT: datatypes.protocolmessages.GetReportRequest@7cbbfc72
INFO NioProcessor-2 org.apache.mina.filter.logging.LoggingFilter - SENT: datatypes.protocolmessages.CheckVaccinatedCVRequest@a65c352
INFO NioProcessor-2 org.apache.mina.filter.logging.LoggingFilter - RECEIVED: datatypes.protocolmessages.CheckVaccinatedCVResponse@5a8098b5
INFO NioProcessor-2 org.apache.mina.filter.logging.LoggingFilter - RECEIVED: datatypes.protocolmessages.GetCVResponse@17d42853
INFO NioProcessor-2 org.apache.mina.filter.logging.LoggingFilter - SENT: datatypes.protocolmessages.GetAllCVRequest@17045d40
INFO NioProcessor-2 org.apache.mina.filter.logging.LoggingFilter - SENT: datatypes.protocolmessages.GetReportRequest@4d733d73
INFO NioProcessor-2 org.apache.mina.filter.logging.LoggingFilter - SENT: datatypes.protocolmessages.CheckVaccinatedCVRequest@1b879779
INFO NioProcessor-2 org.apache.mina.filter.logging.LoggingFilter - RECEIVED: datatypes.protocolmessages.GetReportResponse@2a4e7cd8
INFO NioProcessor-2 org.apache.mina.filter.logging.LoggingFilter - RECEIVED: datatypes.protocolmessages.CheckVaccinatedCVResponse@74ec4fdb
INFO NioProcessor-2 org.apache.mina.filter.logging.LoggingFilter - SENT: datatypes.protocolmessages.GetEVTypologiesRequest@7acd20c8
INFO NioProcessor-2 org.apache.mina.filter.logging.LoggingFilter - RECEIVED: datatypes.protocolmessages.GetEvTypologiesResponse@11ff5773
INFO NioProcessor-2 org.apache.mina.filter.logging.LoggingFilter - SENT: datatypes.protocolmessages.RegistrationEVRequest@78fd12d8
INFO NioProcessor-2 org.apache.mina.filter.logging.LoggingFilter - RECEIVED: datatypes.protocolmessages.RegistrationEVResponse@59ea2fcd
INFO NioProcessor-2 org.apache.mina.filter.logging.LoggingFilter - SENT: datatypes.protocolmessages.GetReportRequest@83e0c5c
INFO NioProcessor-2 org.apache.mina.filter.logging.LoggingFilter - SENT: datatypes.protocolmessages.CheckVaccinatedCVRequest@602dbe00
INFO NioProcessor-2 org.apache.mina.filter.logging.LoggingFilter - RECEIVED: datatypes.protocolmessages.GetReportResponse@4cc5453c
INFO NioProcessor-2 org.apache.mina.filter.logging.LoggingFilter - RECEIVED: datatypes.protocolmessages.CheckVaccinatedCVResponse@d1503b5
INFO NioProcessor-2 org.apache.mina.filter.logging.LoggingFilter - SENT: datatypes.protocolmessages.GetEVTypologiesRequest@72d2ad64
INFO NioProcessor-2 org.apache.mina.filter.logging.LoggingFilter - RECEIVED: datatypes.protocolmessages.GetEvTypologiesResponse@3ec660e0
INFO NioProcessor-2 org.apache.mina.filter.logging.LoggingFilter - SENT: datatypes.protocolmessages.RegistrationEVRequest@7444da62
INFO NioProcessor-2 org.apache.mina.filter.logging.LoggingFilter - SENT: datatypes.protocolmessages.RegistrationEVRequest@6673dcab
INFO NioProcessor-2 org.apache.mina.filter.logging.LoggingFilter - SENT: datatypes.protocolmessages.RegistrationEVRequest@1cb8d11b
INFO NioProcessor-2 org.apache.mina.filter.logging.LoggingFilter - RECEIVED: datatypes.protocolmessages.RegistrationEVResponse@33bd98f
INFO NioProcessor-2 org.apache.mina.filter.logging.LoggingFilter - RECEIVED: datatypes.protocolmessages.RegistrationEVResponse@6c447638
INFO NioProcessor-2 org.apache.mina.filter.logging.LoggingFilter - RECEIVED: datatypes.protocolmessages.RegistrationEVResponse@49e9d8ae
INFO NioProcessor-2 org.apache.mina.filter.logging.LoggingFilter - SENT: datatypes.protocolmessages.GetReportRequest@a2952bb
INFO NioProcessor-2 org.apache.mina.filter.logging.LoggingFilter - SENT: datatypes.protocolmessages.CheckVaccinatedCVRequest@28825f6a
INFO NioProcessor-2 org.apache.mina.filter.logging.LoggingFilter - RECEIVED: datatypes.protocolmessages.GetReportResponse@44256013
INFO NioProcessor-2 org.apache.mina.filter.logging.LoggingFilter - RECEIVED: datatypes.protocolmessages.CheckVaccinatedCVResponse@5e4e3c8b
INFO NioProcessor-2 org.apache.mina.filter.logging.LoggingFilter - SENT: datatypes.protocolmessages.GetAllCVRequest@44d288dc
INFO NioProcessor-2 org.apache.mina.filter.logging.LoggingFilter - RECEIVED: datatypes.protocolmessages.GetCVResponse@23f6bc0a
INFO NioProcessor-2 org.apache.mina.filter.logging.LoggingFilter - SENT: datatypes.protocolmessages.UserDisconnectRequest@7786685d
INFO NioProcessor-2 org.apache.mina.filter.logging.LoggingFilter - RECEIVED: datatypes.protocolmessages.UserDisconnectResponse@5c8f062
INFO NioProcessor-2 org.apache.mina.filter.logging.LoggingFilter - CREATED
INFO NioProcessor-2 org.apache.mina.filter.logging.LoggingFilter - OPENED
INFO NioProcessor-2 org.apache.mina.filter.logging.LoggingFilter - CREATED
INFO NioProcessor-2 org.apache.mina.filter.logging.LoggingFilter - OPENED
INFO NioProcessor-2 org.apache.mina.filter.logging.LoggingFilter - SENT: datatypes.protocolmessages.GetAllCVRequest@6d4b676c
INFO NioProcessor-2 org.apache.mina.filter.logging.LoggingFilter - RECEIVED: datatypes.protocolmessages.GetCVResponse@4417c941
INFO NioProcessor-2 org.apache.mina.filter.logging.LoggingFilter - CREATED
INFO NioProcessor-2 org.apache.mina.filter.logging.LoggingFilter - OPENED
INFO NioProcessor-2 org.apache.mina.filter.logging.LoggingFilter - CREATED
INFO NioProcessor-2 org.apache.mina.filter.logging.LoggingFilter - OPENED
INFO NioProcessor-2 org.apache.mina.filter.logging.LoggingFilter - SENT: datatypes.protocolmessages.UserLoginRequest@6317878b
INFO NioProcessor-2 org.apache.mina.filter.logging.LoggingFilter - RECEIVED: datatypes.protocolmessages.UserLoginResponse@2a530db0
INFO NioProcessor-2 org.apache.mina.filter.logging.LoggingFilter - SENT: datatypes.protocolmessages.GetAllCVRequest@6ed19515
INFO NioProcessor-2 org.apache.mina.filter.logging.LoggingFilter - RECEIVED: datatypes.protocolmessages.GetCVResponse@6c765b7f
INFO NioProcessor-2 org.apache.mina.filter.logging.LoggingFilter - SENT: datatypes.protocolmessages.GetReportRequest@83390f4
INFO NioProcessor-2 org.apache.mina.filter.logging.LoggingFilter - SENT: datatypes.protocolmessages.CheckVaccinatedCVRequest@15285e42
INFO NioProcessor-2 org.apache.mina.filter.logging.LoggingFilter - RECEIVED: datatypes.protocolmessages.GetReportResponse@69036837
INFO NioProcessor-2 org.apache.mina.filter.logging.LoggingFilter - RECEIVED: datatypes.protocolmessages.CheckVaccinatedCVResponse@3d52730b
INFO NioProcessor-2 org.apache.mina.filter.logging.LoggingFilter - CREATED
INFO NioProcessor-2 org.apache.mina.filter.logging.LoggingFilter - OPENED
INFO NioProcessor-2 org.apache.mina.filter.logging.LoggingFilter - SENT: datatypes.protocolmessages.UserLoginRequest@5c245b05
INFO NioProcessor-2 org.apache.mina.filter.logging.LoggingFilter - RECEIVED: datatypes.protocolmessages.UserLoginResponse@1910f76d
INFO NioProcessor-2 org.apache.mina.filter.logging.LoggingFilter - SENT: datatypes.protocolmessages.GetAllCVRequest@46ed12
INFO NioProcessor-2 org.apache.mina.filter.logging.LoggingFilter - RECEIVED: datatypes.protocolmessages.GetCVResponse@401a6122
INFO NioProcessor-2 org.apache.mina.filter.logging.LoggingFilter - SENT: datatypes.protocolmessages.GetReportRequest@156ea061
INFO NioProcessor-2 org.apache.mina.filter.logging.LoggingFilter - SENT: datatypes.protocolmessages.CheckVaccinatedCVRequest@dd51021
INFO NioProcessor-2 org.apache.mina.filter.logging.LoggingFilter - RECEIVED: datatypes.protocolmessages.GetReportResponse@72e925e4
INFO NioProcessor-2 org.apache.mina.filter.logging.LoggingFilter - RECEIVED: datatypes.protocolmessages.CheckVaccinatedCVResponse@5f2f2cc2
INFO NioProcessor-2 org.apache.mina.filter.logging.LoggingFilter - SENT: datatypes.protocolmessages.GetEVTypologiesRequest@7c491b2f
INFO NioProcessor-2 org.apache.mina.filter.logging.LoggingFilter - RECEIVED: datatypes.protocolmessages.GetEvTypologiesResponse@3d17bcb2
INFO NioProcessor-2 org.apache.mina.filter.logging.LoggingFilter - CREATED
INFO NioProcessor-2 org.apache.mina.filter.logging.LoggingFilter - OPENED
INFO NioProcessor-2 org.apache.mina.filter.logging.LoggingFilter - SENT: datatypes.protocolmessages.GetAllCVRequest@4d4d9b23
INFO NioProcessor-2 org.apache.mina.filter.logging.LoggingFilter - RECEIVED: datatypes.protocolmessages.GetCVResponse@5e618a7a
INFO NioProcessor-2 org.apache.mina.filter.logging.LoggingFilter - SENT: datatypes.protocolmessages.GetReportRequest@384cf16
INFO NioProcessor-2 org.apache.mina.filter.logging.LoggingFilter - SENT: datatypes.protocolmessages.CheckVaccinatedCVRequest@76c75ec9
INFO NioProcessor-2 org.apache.mina.filter.logging.LoggingFilter - RECEIVED: datatypes.protocolmessages.GetReportResponse@748ed58d
INFO NioProcessor-2 org.apache.mina.filter.logging.LoggingFilter - RECEIVED: datatypes.protocolmessages.CheckVaccinatedCVResponse@1696265a
INFO NioProcessor-2 org.apache.mina.filter.logging.LoggingFilter - CREATED
INFO NioProcessor-2 org.apache.mina.filter.logging.LoggingFilter - OPENED
INFO NioProcessor-2 org.apache.mina.filter.logging.LoggingFilter - CREATED
INFO NioProcessor-2 org.apache.mina.filter.logging.LoggingFilter - OPENED
INFO NioProcessor-2 org.apache.mina.filter.logging.LoggingFilter - SENT: datatypes.protocolmessages.UserLoginRequest@5b21f5a6
INFO NioProcessor-2 org.apache.mina.filter.logging.LoggingFilter - RECEIVED: datatypes.protocolmessages.UserLoginResponse@16f643e6
INFO NioProcessor-2 org.apache.mina.filter.logging.LoggingFilter - SENT: datatypes.protocolmessages.GetAllCVRequest@6a0e7d7e
INFO NioProcessor-2 org.apache.mina.filter.logging.LoggingFilter - RECEIVED: datatypes.protocolmessages.GetCVResponse@10741e3c
INFO NioProcessor-2 org.apache.mina.filter.logging.LoggingFilter - SENT: datatypes.protocolmessages.GetReportRequest@4d626d59
INFO NioProcessor-2 org.apache.mina.filter.logging.LoggingFilter - SENT: datatypes.protocolmessages.CheckVaccinatedCVRequest@642e4505
INFO NioProcessor-2 org.apache.mina.filter.logging.LoggingFilter - RECEIVED: datatypes.protocolmessages.GetReportResponse@57151279
INFO NioProcessor-2 org.apache.mina.filter.logging.LoggingFilter - RECEIVED: datatypes.protocolmessages.CheckVaccinatedCVResponse@5e395efd
INFO NioProcessor-2 org.apache.mina.filter.logging.LoggingFilter - SENT: datatypes.protocolmessages.GetEVTypologiesRequest@1f61d39c
INFO NioProcessor-2 org.apache.mina.filter.logging.LoggingFilter - RECEIVED: datatypes.protocolmessages.GetEvTypologiesResponse@2e8f38bd
INFO NioProcessor-2 org.apache.mina.filter.logging.LoggingFilter - SENT: datatypes.protocolmessages.GetReportRequest@56fb041a
INFO NioProcessor-2 org.apache.mina.filter.logging.LoggingFilter - SENT: datatypes.protocolmessages.CheckVaccinatedCVRequest@377ad3c4
INFO NioProcessor-2 org.apache.mina.filter.logging.LoggingFilter - RECEIVED: datatypes.protocolmessages.GetReportResponse@1b6d28a6
INFO NioProcessor-2 org.apache.mina.filter.logging.LoggingFilter - RECEIVED: datatypes.protocolmessages.CheckVaccinatedCVResponse@7efa9604
INFO NioProcessor-2 org.apache.mina.filter.logging.LoggingFilter - CREATED
INFO NioProcessor-2 org.apache.mina.filter.logging.LoggingFilter - OPENED
INFO NioProcessor-2 org.apache.mina.filter.logging.LoggingFilter - SENT: datatypes.protocolmessages.UserLoginRequest@56fac070
INFO NioProcessor-2 org.apache.mina.filter.logging.LoggingFilter - RECEIVED: datatypes.protocolmessages.UserLoginResponse@af1e1cb
INFO NioProcessor-2 org.apache.mina.filter.logging.LoggingFilter - SENT: datatypes.protocolmessages.GetAllCVRequest@3be9740a
INFO NioProcessor-2 org.apache.mina.filter.logging.LoggingFilter - RECEIVED: datatypes.protocolmessages.GetCVResponse@29c6314
INFO NioProcessor-2 org.apache.mina.filter.logging.LoggingFilter - SENT: datatypes.protocolmessages.GetReportRequest@12fa5dea
INFO NioProcessor-2 org.apache.mina.filter.logging.LoggingFilter - SENT: datatypes.protocolmessages.CheckVaccinatedCVRequest@e155959
INFO NioProcessor-2 org.apache.mina.filter.logging.LoggingFilter - RECEIVED: datatypes.protocolmessages.GetReportResponse@47d06bee
INFO NioProcessor-2 org.apache.mina.filter.logging.LoggingFilter - RECEIVED: datatypes.protocolmessages.CheckVaccinatedCVResponse@2cfcf00d
INFO NioProcessor-2 org.apache.mina.filter.logging.LoggingFilter - SENT: datatypes.protocolmessages.GetEVTypologiesRequest@da57380
INFO NioProcessor-2 org.apache.mina.filter.logging.LoggingFilter - RECEIVED: datatypes.protocolmessages.GetEvTypologiesResponse@9663a5f
INFO NioProcessor-2 org.apache.mina.filter.logging.LoggingFilter - SENT: datatypes.protocolmessages.GetReportRequest@14bb6218
INFO NioProcessor-2 org.apache.mina.filter.logging.LoggingFilter - SENT: datatypes.protocolmessages.CheckVaccinatedCVRequest@62bdcb7
INFO NioProcessor-2 org.apache.mina.filter.logging.LoggingFilter - RECEIVED: datatypes.protocolmessages.GetReportResponse@4b0e3359
INFO NioProcessor-2 org.apache.mina.filter.logging.LoggingFilter - RECEIVED: datatypes.protocolmessages.CheckVaccinatedCVResponse@c6bf9aa
